<?xml version="1.0" encoding="UTF-8"?>
<!-- Generated by org.testng.reporters.JUnitXMLReporter -->
<testsuite hostname="EPINGUGW04C7" name="Command line test" tests="9" failures="0" timestamp="3 Apr 2024 07:01:51 GMT" time="0.031" errors="0">
  <testcase name="testAdditionData" time="0.002" classname="org.example.MyFunctionalityTest"/>
  <testcase name="testAdditionNegative" time="0.0" classname="org.example.MyFunctionalityTest"/>
  <testcase name="testAdditionPositive" time="0.0" classname="org.example.MyFunctionalityTest"/>
  <testcase name="testDivisionByZero" time="0.0" classname="org.example.MyFunctionalityTest"/>
  <testcase name="testDivisionPositive" time="0.0" classname="org.example.MyFunctionalityTest"/>
  <testcase name="testMultiplicationNegative" time="0.0" classname="org.example.MyFunctionalityTest"/>
  <testcase name="testMultiplicationPositive" time="0.0" classname="org.example.MyFunctionalityTest"/>
  <testcase name="testSubtractionNegative" time="0.0" classname="org.example.MyFunctionalityTest"/>
  <testcase name="testSubtractionPositive" time="0.0" classname="org.example.MyFunctionalityTest"/>
</testsuite> <!-- Command line test -->
