<?xml version="1.0" encoding="UTF-8"?>
<!-- Generated by org.testng.reporters.JUnitXMLReporter -->
<testsuite hostname="EPINGUGW04C7" ignored="0" tests="9" failures="0" timestamp="03 Apr 2024 04:52:13 GMT" time="0.035" errors="0">
  <testcase name="testAdditionData" time="0.003" classname="MyFunctionalityTest"/>
  <testcase name="testAdditionNegative" time="0.0" classname="MyFunctionalityTest"/>
  <testcase name="testAdditionPositive" time="0.0" classname="MyFunctionalityTest"/>
  <testcase name="testDivisionByZero" time="0.0" classname="MyFunctionalityTest"/>
  <testcase name="testDivisionPositive" time="0.0" classname="MyFunctionalityTest"/>
  <testcase name="testMultiplicationNegative" time="0.0" classname="MyFunctionalityTest"/>
  <testcase name="testMultiplicationPositive" time="0.0" classname="MyFunctionalityTest"/>
  <testcase name="testSubtractionNegative" time="0.0" classname="MyFunctionalityTest"/>
  <testcase name="testSubtractionPositive" time="0.0" classname="MyFunctionalityTest"/>
</testsuite>
