<?xml version="1.0" encoding="UTF-8"?>
<testng-results skipped="0" failed="0" ignored="0" total="9" passed="9">
  <reporter-output>
  </reporter-output>
  <suite name="Command line suite" duration-ms="35" started-at="2024-04-03T04:52:13Z" finished-at="2024-04-03T04:52:13Z">
    <groups>
      <group name="regression">
        <method signature="MyFunctionalityTest.testDivisionByZero()[pri:0, instance:MyFunctionalityTest@2e5c649]" name="testDivisionByZero" class="MyFunctionalityTest"/>
        <method signature="MyFunctionalityTest.testMultiplicationNegative()[pri:0, instance:MyFunctionalityTest@2e5c649]" name="testMultiplicationNegative" class="MyFunctionalityTest"/>
        <method signature="MyFunctionalityTest.testSubtractionNegative()[pri:0, instance:MyFunctionalityTest@2e5c649]" name="testSubtractionNegative" class="MyFunctionalityTest"/>
      </group> <!-- regression -->
      <group name="smoke">
        <method signature="MyFunctionalityTest.testAdditionData(int, int, int)[pri:0, instance:MyFunctionalityTest@2e5c649]" name="testAdditionData" class="MyFunctionalityTest"/>
        <method signature="MyFunctionalityTest.testAdditionNegative()[pri:0, instance:MyFunctionalityTest@2e5c649]" name="testAdditionNegative" class="MyFunctionalityTest"/>
        <method signature="MyFunctionalityTest.testAdditionPositive()[pri:0, instance:MyFunctionalityTest@2e5c649]" name="testAdditionPositive" class="MyFunctionalityTest"/>
        <method signature="MyFunctionalityTest.testDivisionPositive()[pri:0, instance:MyFunctionalityTest@2e5c649]" name="testDivisionPositive" class="MyFunctionalityTest"/>
        <method signature="MyFunctionalityTest.testMultiplicationPositive()[pri:0, instance:MyFunctionalityTest@2e5c649]" name="testMultiplicationPositive" class="MyFunctionalityTest"/>
        <method signature="MyFunctionalityTest.testSubtractionPositive()[pri:0, instance:MyFunctionalityTest@2e5c649]" name="testSubtractionPositive" class="MyFunctionalityTest"/>
      </group> <!-- smoke -->
    </groups>
    <test name="Command line test" duration-ms="35" started-at="2024-04-03T04:52:13Z" finished-at="2024-04-03T04:52:13Z">
      <class name="MyFunctionalityTest">
        <test-method status="PASS" signature="setUp()[pri:0, instance:MyFunctionalityTest@2e5c649]" name="setUp" is-config="true" duration-ms="11" started-at="2024-04-03T04:52:13Z" finished-at="2024-04-03T04:52:13Z">
          <reporter-output>
          </reporter-output>
        </test-method> <!-- setUp -->
        <test-method status="PASS" signature="testAdditionData(int, int, int)[pri:0, instance:MyFunctionalityTest@2e5c649]" name="testAdditionData" duration-ms="3" started-at="2024-04-03T04:52:13Z" data-provider="testData" finished-at="2024-04-03T04:52:13Z">
          <params>
            <param index="0">
              <value>
                <![CDATA[2]]>
              </value>
            </param>
            <param index="1">
              <value>
                <![CDATA[3]]>
              </value>
            </param>
            <param index="2">
              <value>
                <![CDATA[5]]>
              </value>
            </param>
          </params>
          <reporter-output>
          </reporter-output>
        </test-method> <!-- testAdditionData -->
        <test-method status="PASS" signature="testAdditionNegative()[pri:0, instance:MyFunctionalityTest@2e5c649]" name="testAdditionNegative" duration-ms="0" started-at="2024-04-03T04:52:13Z" finished-at="2024-04-03T04:52:13Z">
          <reporter-output>
          </reporter-output>
        </test-method> <!-- testAdditionNegative -->
        <test-method status="PASS" signature="testAdditionPositive()[pri:0, instance:MyFunctionalityTest@2e5c649]" name="testAdditionPositive" duration-ms="0" started-at="2024-04-03T04:52:13Z" finished-at="2024-04-03T04:52:13Z">
          <reporter-output>
          </reporter-output>
        </test-method> <!-- testAdditionPositive -->
        <test-method status="PASS" signature="testMultiplicationNegative()[pri:0, instance:MyFunctionalityTest@2e5c649]" name="testMultiplicationNegative" duration-ms="0" started-at="2024-04-03T04:52:13Z" finished-at="2024-04-03T04:52:13Z">
          <reporter-output>
          </reporter-output>
        </test-method> <!-- testMultiplicationNegative -->
        <test-method status="PASS" signature="testDivisionByZero()[pri:0, instance:MyFunctionalityTest@2e5c649]" name="testDivisionByZero" duration-ms="0" started-at="2024-04-03T04:52:13Z" finished-at="2024-04-03T04:52:13Z">
          <exception class="java.lang.ArithmeticException">
            <message>
              <![CDATA[/ by zero]]>
            </message>
            <full-stacktrace>
              <![CDATA[java.lang.ArithmeticException: / by zero
at MyFunctionalityTest.testDivisionByZero(MyFunctionalityTest.java:75)
at sun.reflect.NativeMethodAccessorImpl.invoke0(Native Method)
at sun.reflect.NativeMethodAccessorImpl.invoke(NativeMethodAccessorImpl.java:62)
at sun.reflect.DelegatingMethodAccessorImpl.invoke(DelegatingMethodAccessorImpl.java:43)
at java.lang.reflect.Method.invoke(Method.java:498)
at org.testng.internal.MethodInvocationHelper.invokeMethod(MethodInvocationHelper.java:124)
at org.testng.internal.Invoker.invokeMethod(Invoker.java:583)
at org.testng.internal.Invoker.invokeTestMethod(Invoker.java:719)
at org.testng.internal.Invoker.invokeTestMethods(Invoker.java:989)
at org.testng.internal.TestMethodWorker.invokeTestMethods(TestMethodWorker.java:125)
at org.testng.internal.TestMethodWorker.run(TestMethodWorker.java:109)
at org.testng.TestRunner.privateRun(TestRunner.java:648)
at org.testng.TestRunner.run(TestRunner.java:505)
at org.testng.SuiteRunner.runTest(SuiteRunner.java:455)
at org.testng.SuiteRunner.runSequentially(SuiteRunner.java:450)
at org.testng.SuiteRunner.privateRun(SuiteRunner.java:415)
at org.testng.SuiteRunner.run(SuiteRunner.java:364)
at org.testng.SuiteRunnerWorker.runSuite(SuiteRunnerWorker.java:52)
at org.testng.SuiteRunnerWorker.run(SuiteRunnerWorker.java:84)
at org.testng.TestNG.runSuitesSequentially(TestNG.java:1208)
at org.testng.TestNG.runSuitesLocally(TestNG.java:1137)
at org.testng.TestNG.runSuites(TestNG.java:1049)
at org.testng.TestNG.run(TestNG.java:1017)
at CustomRunner.main(CustomRunner.java:14)
]]>
            </full-stacktrace>
          </exception> <!-- java.lang.ArithmeticException -->
          <reporter-output>
          </reporter-output>
        </test-method> <!-- testDivisionByZero -->
        <test-method status="PASS" signature="testDivisionPositive()[pri:0, instance:MyFunctionalityTest@2e5c649]" name="testDivisionPositive" duration-ms="0" started-at="2024-04-03T04:52:13Z" finished-at="2024-04-03T04:52:13Z">
          <reporter-output>
          </reporter-output>
        </test-method> <!-- testDivisionPositive -->
        <test-method status="PASS" signature="testMultiplicationPositive()[pri:0, instance:MyFunctionalityTest@2e5c649]" name="testMultiplicationPositive" duration-ms="0" started-at="2024-04-03T04:52:13Z" finished-at="2024-04-03T04:52:13Z">
          <reporter-output>
          </reporter-output>
        </test-method> <!-- testMultiplicationPositive -->
        <test-method status="PASS" signature="testSubtractionNegative()[pri:0, instance:MyFunctionalityTest@2e5c649]" name="testSubtractionNegative" duration-ms="0" started-at="2024-04-03T04:52:13Z" finished-at="2024-04-03T04:52:13Z">
          <reporter-output>
          </reporter-output>
        </test-method> <!-- testSubtractionNegative -->
        <test-method status="PASS" signature="testSubtractionPositive()[pri:0, instance:MyFunctionalityTest@2e5c649]" name="testSubtractionPositive" duration-ms="0" started-at="2024-04-03T04:52:13Z" finished-at="2024-04-03T04:52:13Z">
          <reporter-output>
          </reporter-output>
        </test-method> <!-- testSubtractionPositive -->
        <test-method status="PASS" signature="tearDown()[pri:0, instance:MyFunctionalityTest@2e5c649]" name="tearDown" is-config="true" duration-ms="0" started-at="2024-04-03T04:52:13Z" finished-at="2024-04-03T04:52:13Z">
          <reporter-output>
          </reporter-output>
        </test-method> <!-- tearDown -->
      </class> <!-- MyFunctionalityTest -->
    </test> <!-- Command line test -->
  </suite> <!-- Command line suite -->
</testng-results>
