<?xml version="1.0" encoding="UTF-8"?>
<testng-results skipped="0" failed="0" total="9" passed="9">
  <reporter-output>
  </reporter-output>
  <suite name="Command line suite" duration-ms="31" started-at="2024-04-03T07:01:51Z" finished-at="2024-04-03T07:01:51Z">
    <groups>
      <group name="regression">
        <method signature="MyFunctionalityTest.testDivisionByZero()[pri:0, instance:org.example.MyFunctionalityTest@3caeaf62]" name="testDivisionByZero" class="org.example.MyFunctionalityTest"/>
        <method signature="MyFunctionalityTest.testMultiplicationNegative()[pri:0, instance:org.example.MyFunctionalityTest@3caeaf62]" name="testMultiplicationNegative" class="org.example.MyFunctionalityTest"/>
        <method signature="MyFunctionalityTest.testSubtractionNegative()[pri:0, instance:org.example.MyFunctionalityTest@3caeaf62]" name="testSubtractionNegative" class="org.example.MyFunctionalityTest"/>
      </group> <!-- regression -->
      <group name="smoke">
        <method signature="MyFunctionalityTest.testAdditionData(int, int, int)[pri:0, instance:org.example.MyFunctionalityTest@3caeaf62]" name="testAdditionData" class="org.example.MyFunctionalityTest"/>
        <method signature="MyFunctionalityTest.testAdditionNegative()[pri:0, instance:org.example.MyFunctionalityTest@3caeaf62]" name="testAdditionNegative" class="org.example.MyFunctionalityTest"/>
        <method signature="MyFunctionalityTest.testAdditionPositive()[pri:0, instance:org.example.MyFunctionalityTest@3caeaf62]" name="testAdditionPositive" class="org.example.MyFunctionalityTest"/>
        <method signature="MyFunctionalityTest.testDivisionPositive()[pri:0, instance:org.example.MyFunctionalityTest@3caeaf62]" name="testDivisionPositive" class="org.example.MyFunctionalityTest"/>
        <method signature="MyFunctionalityTest.testMultiplicationPositive()[pri:0, instance:org.example.MyFunctionalityTest@3caeaf62]" name="testMultiplicationPositive" class="org.example.MyFunctionalityTest"/>
        <method signature="MyFunctionalityTest.testSubtractionPositive()[pri:0, instance:org.example.MyFunctionalityTest@3caeaf62]" name="testSubtractionPositive" class="org.example.MyFunctionalityTest"/>
      </group> <!-- smoke -->
    </groups>
    <test name="Command line test" duration-ms="31" started-at="2024-04-03T07:01:51Z" finished-at="2024-04-03T07:01:51Z">
      <class name="org.example.MyFunctionalityTest">
        <test-method status="PASS" signature="setUp()[pri:0, instance:org.example.MyFunctionalityTest@3caeaf62]" name="setUp" is-config="true" duration-ms="13" started-at="2024-04-03T12:31:51Z" finished-at="2024-04-03T12:31:51Z">
          <reporter-output>
          </reporter-output>
        </test-method> <!-- setUp -->
        <test-method status="PASS" signature="testAdditionData(int, int, int)[pri:0, instance:org.example.MyFunctionalityTest@3caeaf62]" name="testAdditionData" duration-ms="2" started-at="2024-04-03T12:31:51Z" data-provider="testData" finished-at="2024-04-03T12:31:51Z">
          <params>
            <param index="0">
              <value>
                <![CDATA[2]]>
              </value>
            </param>
            <param index="1">
              <value>
                <![CDATA[3]]>
              </value>
            </param>
            <param index="2">
              <value>
                <![CDATA[5]]>
              </value>
            </param>
          </params>
          <reporter-output>
          </reporter-output>
        </test-method> <!-- testAdditionData -->
        <test-method status="PASS" signature="testAdditionNegative()[pri:0, instance:org.example.MyFunctionalityTest@3caeaf62]" name="testAdditionNegative" duration-ms="0" started-at="2024-04-03T12:31:51Z" finished-at="2024-04-03T12:31:51Z">
          <reporter-output>
          </reporter-output>
        </test-method> <!-- testAdditionNegative -->
        <test-method status="PASS" signature="testDivisionByZero()[pri:0, instance:org.example.MyFunctionalityTest@3caeaf62]" name="testDivisionByZero" duration-ms="0" started-at="2024-04-03T12:31:51Z" finished-at="2024-04-03T12:31:51Z">
          <exception class="java.lang.ArithmeticException">
            <message>
              <![CDATA[/ by zero]]>
            </message>
            <full-stacktrace>
              <![CDATA[java.lang.ArithmeticException: / by zero
	at org.example.MyFunctionalityTest.testDivisionByZero(MyFunctionalityTest.java:77)
	at sun.reflect.NativeMethodAccessorImpl.invoke0(Native Method)
	at sun.reflect.NativeMethodAccessorImpl.invoke(NativeMethodAccessorImpl.java:62)
	at sun.reflect.DelegatingMethodAccessorImpl.invoke(DelegatingMethodAccessorImpl.java:43)
	at java.lang.reflect.Method.invoke(Method.java:498)
	at org.testng.internal.MethodInvocationHelper.invokeMethod(MethodInvocationHelper.java:85)
	at org.testng.internal.Invoker.invokeMethod(Invoker.java:639)
	at org.testng.internal.Invoker.invokeTestMethod(Invoker.java:816)
	at org.testng.internal.Invoker.invokeTestMethods(Invoker.java:1124)
	at org.testng.internal.TestMethodWorker.invokeTestMethods(TestMethodWorker.java:125)
	at org.testng.internal.TestMethodWorker.run(TestMethodWorker.java:108)
	at org.testng.TestRunner.privateRun(TestRunner.java:774)
	at org.testng.TestRunner.run(TestRunner.java:624)
	at org.testng.SuiteRunner.runTest(SuiteRunner.java:359)
	at org.testng.SuiteRunner.runSequentially(SuiteRunner.java:354)
	at org.testng.SuiteRunner.privateRun(SuiteRunner.java:312)
	at org.testng.SuiteRunner.run(SuiteRunner.java:261)
	at org.testng.SuiteRunnerWorker.runSuite(SuiteRunnerWorker.java:52)
	at org.testng.SuiteRunnerWorker.run(SuiteRunnerWorker.java:86)
	at org.testng.TestNG.runSuitesSequentially(TestNG.java:1215)
	at org.testng.TestNG.runSuitesLocally(TestNG.java:1140)
	at org.testng.TestNG.run(TestNG.java:1048)
	at org.example.CustomRunner.main(CustomRunner.java:16)
]]>
            </full-stacktrace>
          </exception> <!-- java.lang.ArithmeticException -->
          <reporter-output>
          </reporter-output>
        </test-method> <!-- testDivisionByZero -->
        <test-method status="PASS" signature="testAdditionPositive()[pri:0, instance:org.example.MyFunctionalityTest@3caeaf62]" name="testAdditionPositive" duration-ms="0" started-at="2024-04-03T12:31:51Z" finished-at="2024-04-03T12:31:51Z">
          <reporter-output>
          </reporter-output>
        </test-method> <!-- testAdditionPositive -->
        <test-method status="PASS" signature="testDivisionPositive()[pri:0, instance:org.example.MyFunctionalityTest@3caeaf62]" name="testDivisionPositive" duration-ms="0" started-at="2024-04-03T12:31:51Z" finished-at="2024-04-03T12:31:51Z">
          <reporter-output>
          </reporter-output>
        </test-method> <!-- testDivisionPositive -->
        <test-method status="PASS" signature="testMultiplicationPositive()[pri:0, instance:org.example.MyFunctionalityTest@3caeaf62]" name="testMultiplicationPositive" duration-ms="0" started-at="2024-04-03T12:31:51Z" finished-at="2024-04-03T12:31:51Z">
          <reporter-output>
          </reporter-output>
        </test-method> <!-- testMultiplicationPositive -->
        <test-method status="PASS" signature="testMultiplicationNegative()[pri:0, instance:org.example.MyFunctionalityTest@3caeaf62]" name="testMultiplicationNegative" duration-ms="0" started-at="2024-04-03T12:31:51Z" finished-at="2024-04-03T12:31:51Z">
          <reporter-output>
          </reporter-output>
        </test-method> <!-- testMultiplicationNegative -->
        <test-method status="PASS" signature="testSubtractionNegative()[pri:0, instance:org.example.MyFunctionalityTest@3caeaf62]" name="testSubtractionNegative" duration-ms="0" started-at="2024-04-03T12:31:51Z" finished-at="2024-04-03T12:31:51Z">
          <reporter-output>
          </reporter-output>
        </test-method> <!-- testSubtractionNegative -->
        <test-method status="PASS" signature="tearDown()[pri:0, instance:org.example.MyFunctionalityTest@3caeaf62]" name="tearDown" is-config="true" duration-ms="0" started-at="2024-04-03T12:31:51Z" finished-at="2024-04-03T12:31:51Z">
          <reporter-output>
          </reporter-output>
        </test-method> <!-- tearDown -->
        <test-method status="PASS" signature="testSubtractionPositive()[pri:0, instance:org.example.MyFunctionalityTest@3caeaf62]" name="testSubtractionPositive" duration-ms="0" started-at="2024-04-03T12:31:51Z" finished-at="2024-04-03T12:31:51Z">
          <reporter-output>
          </reporter-output>
        </test-method> <!-- testSubtractionPositive -->
      </class> <!-- org.example.MyFunctionalityTest -->
    </test> <!-- Command line test -->
  </suite> <!-- Command line suite -->
</testng-results>
